#AKY_GIT_VERSION ff4096e associating fields names with Push/Pop event names is useless
#AKY_GIT_DATE (date of the cmake configuration) 2017-02-06 14:39:29 +0100
#This file was generated using otf22paje (distributed with akypuera).
#otf22paje's command line: otf22paje data/mpi_pingpong/traces.otf2 
-1807564760 machine 0 "machine"
19399376 0.000000000 Linux 0 machine "Linux"
-1807564760 node machine "node"
19399376 0.000000000 ana Linux node "ana"
-1807564760 P node "P"
-1807564760 STATE P "STATE"
19399376 LINK 0 P P "LINK"
19399376 0.000000000 rank0 ana P "MPI Rank 0"
19399376 0.000000000 rank1 ana P "MPI Rank 1"
0 0.000000000 rank1 STATE main
0 0.000009096 rank1 STATE MPI_Init
0 0.010489359 rank0 STATE main
0 0.010497450 rank0 STATE MPI_Init
0 0.014924045 rank0 STATE
0 0.014930956 rank1 STATE
0 0.014939095 rank0 STATE MPI_Comm_rank
0 0.014939105 rank1 STATE MPI_Comm_rank
0 0.014943050 rank1 STATE
0 0.014943076 rank0 STATE
0 0.014944619 rank0 STATE MPI_Comm_size
0 0.014945011 rank1 STATE MPI_Comm_size
0 0.014946489 rank0 STATE
0 0.014946819 rank1 STATE
0 0.014948298 rank0 STATE MPI_Send
0 0.014948454 rank1 STATE MPI_Recv
0 0.014952913 rank0 STATE
0 0.014956001 rank1 STATE
0 0.014965500 rank0 STATE MPI_Recv
0 0.014965913 rank1 STATE MPI_Send
0 0.014978660 rank1 STATE
0 0.014980576 rank0 STATE
0 0.014982437 rank1 STATE MPI_Recv
0 0.014984203 rank0 STATE MPI_Send
0 0.014986701 rank0 STATE
0 0.014987515 rank1 STATE
0 0.014989751 rank0 STATE MPI_Recv
0 0.014990639 rank1 STATE MPI_Send
0 0.014992794 rank1 STATE
0 0.014993468 rank0 STATE
0 0.014995622 rank1 STATE MPI_Recv
0 0.014996485 rank0 STATE MPI_Send
0 0.014998655 rank0 STATE
0 0.014999212 rank1 STATE
0 0.015001470 rank0 STATE MPI_Recv
0 0.015002216 rank1 STATE MPI_Send
0 0.015004331 rank1 STATE
0 0.015004809 rank0 STATE
0 0.015007138 rank1 STATE MPI_Recv
0 0.015007766 rank0 STATE MPI_Send
0 0.015009789 rank0 STATE
0 0.015010338 rank1 STATE
0 0.015012635 rank0 STATE MPI_Recv
0 0.015013294 rank1 STATE MPI_Send
0 0.015015455 rank1 STATE
0 0.015015968 rank0 STATE
0 0.015018298 rank1 STATE MPI_Recv
0 0.015018988 rank0 STATE MPI_Send
0 0.015021098 rank0 STATE
0 0.015021591 rank1 STATE
0 0.015023941 rank0 STATE MPI_Recv
0 0.015024438 rank1 STATE MPI_Send
0 0.015026540 rank1 STATE
0 0.015026995 rank0 STATE
0 0.015029446 rank1 STATE MPI_Finalize
0 0.015030099 rank0 STATE MPI_Finalize
0 0.015039177 rank0 STATE
0 0.015039615 rank1 STATE
0 0.015041876 rank0 STATE
0 0.015042012 rank1 STATE
0 0.015042012 P rank0
0 0.015042012 P rank1
